[35m[1mConsolidate compiler generated dependencies of target rm_serial_driver_node[0m
[35m[1mConsolidate compiler generated dependencies of target rm_serial_driver[0m
[ 50%] Built target rm_serial_driver_node
[ 75%] [32mBuilding CXX object CMakeFiles/rm_serial_driver.dir/src/rm_serial_driver.cpp.o[0m
[01m[K/home/sunrise/sensebeetle2/src/rm_serial_driver/src/rm_serial_driver.cpp:[m[K In constructor ‘[01m[Krm_serial_driver::RMSerialDriver::RMSerialDriver(const rclcpp::NodeOptions&)[m[K’:
[01m[K/home/sunrise/sensebeetle2/src/rm_serial_driver/src/rm_serial_driver.cpp:54:3:[m[K [01;31m[Kerror: [m[K‘[01m[Kkeyboard_teleop_sub_[m[K’ was not declared in this scope
   54 |   [01;31m[Kkeyboard_teleop_sub_[m[K = this->create_subscription<std_msgs::msg::String>(
      |   [01;31m[K^~~~~~~~~~~~~~~~~~~~[m[K
[01m[K/home/sunrise/sensebeetle2/src/rm_serial_driver/src/rm_serial_driver.cpp:56:32:[m[K [01;31m[Kerror: [m[K‘[01m[KkeyboardTeleopCallback[m[K’ is not a member of ‘[01m[Krm_serial_driver::RMSerialDriver[m[K’
   56 |     std::bind(&RMSerialDriver::[01;31m[KkeyboardTeleopCallback[m[K, this, std::placeholders::_1));
      |                                [01;31m[K^~~~~~~~~~~~~~~~~~~~~~[m[K
[01m[K/home/sunrise/sensebeetle2/src/rm_serial_driver/src/rm_serial_driver.cpp:[m[K At global scope:
[01m[K/home/sunrise/sensebeetle2/src/rm_serial_driver/src/rm_serial_driver.cpp:251:6:[m[K [01;31m[Kerror: [m[Kno declaration matches ‘[01m[Kvoid rm_serial_driver::RMSerialDriver::keyboardTeleopCallback(std_msgs::msg::String_<std::allocator<void> >::SharedPtr)[m[K’
  251 | void [01;31m[KRMSerialDriver[m[K::keyboardTeleopCallback(const std_msgs::msg::String::SharedPtr key_msg)
      |      [01;31m[K^~~~~~~~~~~~~~[m[K
[01m[K/home/sunrise/sensebeetle2/src/rm_serial_driver/src/rm_serial_driver.cpp:251:6:[m[K [01;36m[Knote: [m[Kno functions named ‘[01m[Kvoid rm_serial_driver::RMSerialDriver::keyboardTeleopCallback(std_msgs::msg::String_<std::allocator<void> >::SharedPtr)[m[K’
In file included from [01m[K/home/sunrise/sensebeetle2/src/rm_serial_driver/src/rm_serial_driver.cpp:21[m[K:
[01m[K/home/sunrise/sensebeetle2/src/rm_serial_driver/include/rm_serial_driver/rm_serial_driver.hpp:31:7:[m[K [01;36m[Knote: [m[K‘[01m[Kclass rm_serial_driver::RMSerialDriver[m[K’ defined here
   31 | class [01;36m[KRMSerialDriver[m[K : public rclcpp::Node
      |       [01;36m[K^~~~~~~~~~~~~~[m[K
gmake[2]: *** [CMakeFiles/rm_serial_driver.dir/build.make:76: CMakeFiles/rm_serial_driver.dir/src/rm_serial_driver.cpp.o] Error 1
gmake[1]: *** [CMakeFiles/Makefile2:139: CMakeFiles/rm_serial_driver.dir/all] Error 2
gmake: *** [Makefile:146: all] Error 2
