[0.061s] Invoking command in '/home/sunrise/sensebeetle2/build/rm_serial_driver': AMENT_PREFIX_PATH=/home/sunrise/sensebeetle2/install/sensebeetle_interfaces:${AMENT_PREFIX_PATH} CMAKE_PREFIX_PATH=/home/sunrise/sensebeetle2/install/sensebeetle_interfaces:/opt/ros/humble LD_LIBRARY_PATH=/home/sunrise/sensebeetle2/install/sensebeetle_interfaces/lib:/opt/MVS/lib/aarch64:/opt/MVS/lib/aarch64:y/MVS/lib/aarch64:/opt/MVS/lib/aarch64:/opt/ros/humble/opt/rviz_ogre_vendor/lib:/opt/ros/humble/lib/aarch64-linux-gnu:/opt/ros/humble/opt/openvdb_vendor/lib:/opt/ros/humble/lib:/opt/MVS/lib/aarch64:y/MVS/lib/aarch64:/usr/hobot/lib:/app/lib:/app/pub/lib:/middleware/lib:/middleware/pub/lib:/usr/hobot/lib/sensor:/system/lib:/system/usr/lib:/lib PYTHONPATH=/home/sunrise/sensebeetle2/install/sensebeetle_interfaces/local/lib/python3.10/dist-packages:${PYTHONPATH} /home/sunrise/.local/bin/cmake --build /home/sunrise/sensebeetle2/build/rm_serial_driver -- -j8 -l8
[0.351s] [35m[1mConsolidate compiler generated dependencies of target rm_serial_driver[0m
[0.368s] [ 50%] Built target rm_serial_driver_node
[0.466s] [ 75%] [32mBuilding CXX object CMakeFiles/rm_serial_driver.dir/src/rm_serial_driver.cpp.o[0m
[81.260s] [100%] [32m[1mLinking CXX shared library librm_serial_driver.so[0m
[88.020s] [100%] Built target rm_serial_driver
[88.074s] Invoked command in '/home/sunrise/sensebeetle2/build/rm_serial_driver' returned '0': AMENT_PREFIX_PATH=/home/sunrise/sensebeetle2/install/sensebeetle_interfaces:${AMENT_PREFIX_PATH} CMAKE_PREFIX_PATH=/home/sunrise/sensebeetle2/install/sensebeetle_interfaces:/opt/ros/humble LD_LIBRARY_PATH=/home/sunrise/sensebeetle2/install/sensebeetle_interfaces/lib:/opt/MVS/lib/aarch64:/opt/MVS/lib/aarch64:y/MVS/lib/aarch64:/opt/MVS/lib/aarch64:/opt/ros/humble/opt/rviz_ogre_vendor/lib:/opt/ros/humble/lib/aarch64-linux-gnu:/opt/ros/humble/opt/openvdb_vendor/lib:/opt/ros/humble/lib:/opt/MVS/lib/aarch64:y/MVS/lib/aarch64:/usr/hobot/lib:/app/lib:/app/pub/lib:/middleware/lib:/middleware/pub/lib:/usr/hobot/lib/sensor:/system/lib:/system/usr/lib:/lib PYTHONPATH=/home/sunrise/sensebeetle2/install/sensebeetle_interfaces/local/lib/python3.10/dist-packages:${PYTHONPATH} /home/sunrise/.local/bin/cmake --build /home/sunrise/sensebeetle2/build/rm_serial_driver -- -j8 -l8
[88.318s] Invoking command in '/home/sunrise/sensebeetle2/build/rm_serial_driver': AMENT_PREFIX_PATH=/home/sunrise/sensebeetle2/install/sensebeetle_interfaces:${AMENT_PREFIX_PATH} CMAKE_PREFIX_PATH=/home/sunrise/sensebeetle2/install/sensebeetle_interfaces:/opt/ros/humble LD_LIBRARY_PATH=/home/sunrise/sensebeetle2/install/sensebeetle_interfaces/lib:/opt/MVS/lib/aarch64:/opt/MVS/lib/aarch64:y/MVS/lib/aarch64:/opt/MVS/lib/aarch64:/opt/ros/humble/opt/rviz_ogre_vendor/lib:/opt/ros/humble/lib/aarch64-linux-gnu:/opt/ros/humble/opt/openvdb_vendor/lib:/opt/ros/humble/lib:/opt/MVS/lib/aarch64:y/MVS/lib/aarch64:/usr/hobot/lib:/app/lib:/app/pub/lib:/middleware/lib:/middleware/pub/lib:/usr/hobot/lib/sensor:/system/lib:/system/usr/lib:/lib PYTHONPATH=/home/sunrise/sensebeetle2/install/sensebeetle_interfaces/local/lib/python3.10/dist-packages:${PYTHONPATH} /home/sunrise/.local/bin/cmake --install /home/sunrise/sensebeetle2/build/rm_serial_driver
[88.480s] -- Install configuration: ""
[88.480s] -- Up-to-date: /home/sunrise/sensebeetle2/install/rm_serial_driver/lib/rm_serial_driver/rm_serial_driver_node
[88.481s] -- Up-to-date: /home/sunrise/sensebeetle2/install/rm_serial_driver/include
[88.482s] -- Up-to-date: /home/sunrise/sensebeetle2/install/rm_serial_driver/include/rm_serial_driver
[88.482s] -- Up-to-date: /home/sunrise/sensebeetle2/install/rm_serial_driver/include/rm_serial_driver/rm_serial_driver.hpp
[88.483s] -- Up-to-date: /home/sunrise/sensebeetle2/install/rm_serial_driver/include/rm_serial_driver/packet.hpp
[88.483s] -- Up-to-date: /home/sunrise/sensebeetle2/install/rm_serial_driver/share/rm_serial_driver/environment/library_path.sh
[88.483s] -- Up-to-date: /home/sunrise/sensebeetle2/install/rm_serial_driver/share/rm_serial_driver/environment/library_path.dsv
[88.484s] -- Installing: /home/sunrise/sensebeetle2/install/rm_serial_driver/lib/librm_serial_driver.so
[88.555s] -- Set runtime path of "/home/sunrise/sensebeetle2/install/rm_serial_driver/lib/librm_serial_driver.so" to ""
[88.556s] -- Up-to-date: /home/sunrise/sensebeetle2/install/rm_serial_driver/share/rm_serial_driver/config
[88.557s] -- Up-to-date: /home/sunrise/sensebeetle2/install/rm_serial_driver/share/rm_serial_driver/config/serial_driver.yaml
[88.557s] -- Up-to-date: /home/sunrise/sensebeetle2/install/rm_serial_driver/share/rm_serial_driver/launch
[88.558s] -- Up-to-date: /home/sunrise/sensebeetle2/install/rm_serial_driver/share/rm_serial_driver/launch/serial_driver.launch.py
[88.558s] -- Up-to-date: /home/sunrise/sensebeetle2/install/rm_serial_driver/share/ament_index/resource_index/package_run_dependencies/rm_serial_driver
[88.559s] -- Up-to-date: /home/sunrise/sensebeetle2/install/rm_serial_driver/share/ament_index/resource_index/parent_prefix_path/rm_serial_driver
[88.560s] -- Up-to-date: /home/sunrise/sensebeetle2/install/rm_serial_driver/share/rm_serial_driver/environment/ament_prefix_path.sh
[88.560s] -- Up-to-date: /home/sunrise/sensebeetle2/install/rm_serial_driver/share/rm_serial_driver/environment/ament_prefix_path.dsv
[88.561s] -- Up-to-date: /home/sunrise/sensebeetle2/install/rm_serial_driver/share/rm_serial_driver/environment/path.sh
[88.561s] -- Up-to-date: /home/sunrise/sensebeetle2/install/rm_serial_driver/share/rm_serial_driver/environment/path.dsv
[88.561s] -- Up-to-date: /home/sunrise/sensebeetle2/install/rm_serial_driver/share/rm_serial_driver/local_setup.bash
[88.562s] -- Up-to-date: /home/sunrise/sensebeetle2/install/rm_serial_driver/share/rm_serial_driver/local_setup.sh
[88.563s] -- Up-to-date: /home/sunrise/sensebeetle2/install/rm_serial_driver/share/rm_serial_driver/local_setup.zsh
[88.564s] -- Up-to-date: /home/sunrise/sensebeetle2/install/rm_serial_driver/share/rm_serial_driver/local_setup.dsv
[88.565s] -- Installing: /home/sunrise/sensebeetle2/install/rm_serial_driver/share/rm_serial_driver/package.dsv
[88.566s] -- Up-to-date: /home/sunrise/sensebeetle2/install/rm_serial_driver/share/ament_index/resource_index/packages/rm_serial_driver
[88.567s] -- Up-to-date: /home/sunrise/sensebeetle2/install/rm_serial_driver/share/ament_index/resource_index/rclcpp_components/rm_serial_driver
[88.568s] -- Up-to-date: /home/sunrise/sensebeetle2/install/rm_serial_driver/share/rm_serial_driver/cmake/ament_cmake_export_dependencies-extras.cmake
[88.569s] -- Up-to-date: /home/sunrise/sensebeetle2/install/rm_serial_driver/share/rm_serial_driver/cmake/ament_cmake_export_include_directories-extras.cmake
[88.570s] -- Up-to-date: /home/sunrise/sensebeetle2/install/rm_serial_driver/share/rm_serial_driver/cmake/ament_cmake_export_libraries-extras.cmake
[88.571s] -- Up-to-date: /home/sunrise/sensebeetle2/install/rm_serial_driver/share/rm_serial_driver/cmake/rm_serial_driverConfig.cmake
[88.572s] -- Up-to-date: /home/sunrise/sensebeetle2/install/rm_serial_driver/share/rm_serial_driver/cmake/rm_serial_driverConfig-version.cmake
[88.573s] -- Up-to-date: /home/sunrise/sensebeetle2/install/rm_serial_driver/share/rm_serial_driver/package.xml
[88.604s] Invoked command in '/home/sunrise/sensebeetle2/build/rm_serial_driver' returned '0': AMENT_PREFIX_PATH=/home/sunrise/sensebeetle2/install/sensebeetle_interfaces:${AMENT_PREFIX_PATH} CMAKE_PREFIX_PATH=/home/sunrise/sensebeetle2/install/sensebeetle_interfaces:/opt/ros/humble LD_LIBRARY_PATH=/home/sunrise/sensebeetle2/install/sensebeetle_interfaces/lib:/opt/MVS/lib/aarch64:/opt/MVS/lib/aarch64:y/MVS/lib/aarch64:/opt/MVS/lib/aarch64:/opt/ros/humble/opt/rviz_ogre_vendor/lib:/opt/ros/humble/lib/aarch64-linux-gnu:/opt/ros/humble/opt/openvdb_vendor/lib:/opt/ros/humble/lib:/opt/MVS/lib/aarch64:y/MVS/lib/aarch64:/usr/hobot/lib:/app/lib:/app/pub/lib:/middleware/lib:/middleware/pub/lib:/usr/hobot/lib/sensor:/system/lib:/system/usr/lib:/lib PYTHONPATH=/home/sunrise/sensebeetle2/install/sensebeetle_interfaces/local/lib/python3.10/dist-packages:${PYTHONPATH} /home/sunrise/.local/bin/cmake --install /home/sunrise/sensebeetle2/build/rm_serial_driver
