[0.615s] DEBUG:colcon:Command line arguments: ['/usr/bin/colcon', 'build']
[0.615s] DEBUG:colcon:Parsed command line arguments: Namespace(log_base=None, log_level=None, verb_name='build', build_base='build', install_base='install', merge_install=False, symlink_install=False, test_result_base=None, continue_on_error=False, executor='parallel', parallel_workers=8, event_handlers=None, ignore_user_meta=False, metas=['./colcon.meta'], base_paths=['.'], packages_ignore=None, packages_ignore_regex=None, paths=None, packages_up_to=None, packages_up_to_regex=None, packages_above=None, packages_above_and_dependencies=None, packages_above_depth=None, packages_select_by_dep=None, packages_skip_by_dep=None, packages_skip_up_to=None, packages_select_build_failed=False, packages_skip_build_finished=False, packages_select_test_failures=False, packages_skip_test_passed=False, packages_select=None, packages_skip=None, packages_select_regex=None, packages_skip_regex=None, packages_start=None, packages_end=None, allow_overriding=[], cmake_args=None, cmake_target=None, cmake_target_skip_unavailable=False, cmake_clean_cache=False, cmake_clean_first=False, cmake_force_configure=False, ament_cmake_args=None, catkin_cmake_args=None, catkin_skip_building_tests=False, verb_parser=<colcon_defaults.argument_parser.defaults.DefaultArgumentsDecorator object at 0xffffb9a58e50>, verb_extension=<colcon_core.verb.build.BuildVerb object at 0xffffb9bf2b60>, main=<bound method BuildVerb.main of <colcon_core.verb.build.BuildVerb object at 0xffffb9bf2b60>>)
[1.759s] Level 1:colcon.colcon_core.package_discovery:discover_packages(colcon_meta) check parameters
[1.760s] Level 1:colcon.colcon_core.package_discovery:discover_packages(recursive) check parameters
[1.760s] Level 1:colcon.colcon_core.package_discovery:discover_packages(ignore) check parameters
[1.760s] Level 1:colcon.colcon_core.package_discovery:discover_packages(path) check parameters
[1.761s] Level 1:colcon.colcon_core.package_discovery:discover_packages(colcon_meta) discover
[1.761s] Level 1:colcon.colcon_core.package_discovery:discover_packages(recursive) discover
[1.761s] INFO:colcon.colcon_core.package_discovery:Crawling recursively for packages in '/home/sunrise/sensebeetle2'
[1.762s] Level 1:colcon.colcon_core.package_identification:_identify(.) by extensions ['ignore', 'ignore_ament_install']
[1.762s] Level 1:colcon.colcon_core.package_identification:_identify(.) by extension 'ignore'
[1.763s] Level 1:colcon.colcon_core.package_identification:_identify(.) by extension 'ignore_ament_install'
[1.763s] Level 1:colcon.colcon_core.package_identification:_identify(.) by extensions ['colcon_pkg']
[1.763s] Level 1:colcon.colcon_core.package_identification:_identify(.) by extension 'colcon_pkg'
[1.763s] Level 1:colcon.colcon_core.package_identification:_identify(.) by extensions ['colcon_meta']
[1.763s] Level 1:colcon.colcon_core.package_identification:_identify(.) by extension 'colcon_meta'
[1.764s] Level 1:colcon.colcon_core.package_identification:_identify(.) by extensions ['ros']
[1.764s] Level 1:colcon.colcon_core.package_identification:_identify(.) by extension 'ros'
[1.828s] Level 1:colcon.colcon_core.package_identification:_identify(.) by extensions ['cmake', 'python']
[1.828s] Level 1:colcon.colcon_core.package_identification:_identify(.) by extension 'cmake'
[1.828s] Level 1:colcon.colcon_core.package_identification:_identify(.) by extension 'python'
[1.829s] Level 1:colcon.colcon_core.package_identification:_identify(.) by extensions ['python_setup_py']
[1.829s] Level 1:colcon.colcon_core.package_identification:_identify(.) by extension 'python_setup_py'
[1.829s] Level 1:colcon.colcon_core.package_identification:_identify(build) by extensions ['ignore', 'ignore_ament_install']
[1.830s] Level 1:colcon.colcon_core.package_identification:_identify(build) by extension 'ignore'
[1.830s] Level 1:colcon.colcon_core.package_identification:_identify(build) ignored
[1.831s] Level 1:colcon.colcon_core.package_identification:_identify(install) by extensions ['ignore', 'ignore_ament_install']
[1.831s] Level 1:colcon.colcon_core.package_identification:_identify(install) by extension 'ignore'
[1.831s] Level 1:colcon.colcon_core.package_identification:_identify(install) ignored
[1.832s] Level 1:colcon.colcon_core.package_identification:_identify(log) by extensions ['ignore', 'ignore_ament_install']
[1.832s] Level 1:colcon.colcon_core.package_identification:_identify(log) by extension 'ignore'
[1.832s] Level 1:colcon.colcon_core.package_identification:_identify(log) ignored
[1.833s] Level 1:colcon.colcon_core.package_identification:_identify(src) by extensions ['ignore', 'ignore_ament_install']
[1.833s] Level 1:colcon.colcon_core.package_identification:_identify(src) by extension 'ignore'
[1.834s] Level 1:colcon.colcon_core.package_identification:_identify(src) by extension 'ignore_ament_install'
[1.834s] Level 1:colcon.colcon_core.package_identification:_identify(src) by extensions ['colcon_pkg']
[1.834s] Level 1:colcon.colcon_core.package_identification:_identify(src) by extension 'colcon_pkg'
[1.834s] Level 1:colcon.colcon_core.package_identification:_identify(src) by extensions ['colcon_meta']
[1.834s] Level 1:colcon.colcon_core.package_identification:_identify(src) by extension 'colcon_meta'
[1.835s] Level 1:colcon.colcon_core.package_identification:_identify(src) by extensions ['ros']
[1.835s] Level 1:colcon.colcon_core.package_identification:_identify(src) by extension 'ros'
[1.835s] Level 1:colcon.colcon_core.package_identification:_identify(src) by extensions ['cmake', 'python']
[1.836s] Level 1:colcon.colcon_core.package_identification:_identify(src) by extension 'cmake'
[1.836s] Level 1:colcon.colcon_core.package_identification:_identify(src) by extension 'python'
[1.836s] Level 1:colcon.colcon_core.package_identification:_identify(src) by extensions ['python_setup_py']
[1.836s] Level 1:colcon.colcon_core.package_identification:_identify(src) by extension 'python_setup_py'
[1.837s] Level 1:colcon.colcon_core.package_identification:_identify(src/rm_serial_driver) by extensions ['ignore', 'ignore_ament_install']
[1.837s] Level 1:colcon.colcon_core.package_identification:_identify(src/rm_serial_driver) by extension 'ignore'
[1.838s] Level 1:colcon.colcon_core.package_identification:_identify(src/rm_serial_driver) by extension 'ignore_ament_install'
[1.838s] Level 1:colcon.colcon_core.package_identification:_identify(src/rm_serial_driver) by extensions ['colcon_pkg']
[1.838s] Level 1:colcon.colcon_core.package_identification:_identify(src/rm_serial_driver) by extension 'colcon_pkg'
[1.839s] Level 1:colcon.colcon_core.package_identification:_identify(src/rm_serial_driver) by extensions ['colcon_meta']
[1.839s] Level 1:colcon.colcon_core.package_identification:_identify(src/rm_serial_driver) by extension 'colcon_meta'
[1.839s] Level 1:colcon.colcon_core.package_identification:_identify(src/rm_serial_driver) by extensions ['ros']
[1.839s] Level 1:colcon.colcon_core.package_identification:_identify(src/rm_serial_driver) by extension 'ros'
[1.856s] DEBUG:colcon.colcon_core.package_identification:Package 'src/rm_serial_driver' with type 'ros.ament_cmake' and name 'rm_serial_driver'
[1.857s] Level 1:colcon.colcon_core.package_identification:_identify(src/sensebeetle_interfaces) by extensions ['ignore', 'ignore_ament_install']
[1.857s] Level 1:colcon.colcon_core.package_identification:_identify(src/sensebeetle_interfaces) by extension 'ignore'
[1.858s] Level 1:colcon.colcon_core.package_identification:_identify(src/sensebeetle_interfaces) by extension 'ignore_ament_install'
[1.858s] Level 1:colcon.colcon_core.package_identification:_identify(src/sensebeetle_interfaces) by extensions ['colcon_pkg']
[1.858s] Level 1:colcon.colcon_core.package_identification:_identify(src/sensebeetle_interfaces) by extension 'colcon_pkg'
[1.858s] Level 1:colcon.colcon_core.package_identification:_identify(src/sensebeetle_interfaces) by extensions ['colcon_meta']
[1.859s] Level 1:colcon.colcon_core.package_identification:_identify(src/sensebeetle_interfaces) by extension 'colcon_meta'
[1.859s] Level 1:colcon.colcon_core.package_identification:_identify(src/sensebeetle_interfaces) by extensions ['ros']
[1.859s] Level 1:colcon.colcon_core.package_identification:_identify(src/sensebeetle_interfaces) by extension 'ros'
[1.863s] DEBUG:colcon.colcon_core.package_identification:Package 'src/sensebeetle_interfaces' with type 'ros.ament_cmake' and name 'sensebeetle_interfaces'
[1.864s] Level 1:colcon.colcon_core.package_discovery:discover_packages(recursive) using defaults
[1.864s] Level 1:colcon.colcon_core.package_discovery:discover_packages(ignore) discover
[1.864s] Level 1:colcon.colcon_core.package_discovery:discover_packages(ignore) using defaults
[1.864s] Level 1:colcon.colcon_core.package_discovery:discover_packages(path) discover
[1.864s] Level 1:colcon.colcon_core.package_discovery:discover_packages(path) using defaults
[2.057s] Level 1:colcon.colcon_core.package_discovery:discover_packages(prefix_path) check parameters
[2.057s] Level 1:colcon.colcon_core.package_discovery:discover_packages(prefix_path) discover
[2.072s] DEBUG:colcon.colcon_installed_package_information.package_discovery:Found 364 installed packages in /opt/ros/humble
[2.087s] Level 1:colcon.colcon_core.package_discovery:discover_packages(prefix_path) using defaults
[2.407s] Level 5:colcon.colcon_core.verb:set package 'sensebeetle_interfaces' build argument 'cmake_args' from command line to 'None'
[2.408s] Level 5:colcon.colcon_core.verb:set package 'sensebeetle_interfaces' build argument 'cmake_target' from command line to 'None'
[2.408s] Level 5:colcon.colcon_core.verb:set package 'sensebeetle_interfaces' build argument 'cmake_target_skip_unavailable' from command line to 'False'
[2.408s] Level 5:colcon.colcon_core.verb:set package 'sensebeetle_interfaces' build argument 'cmake_clean_cache' from command line to 'False'
[2.409s] Level 5:colcon.colcon_core.verb:set package 'sensebeetle_interfaces' build argument 'cmake_clean_first' from command line to 'False'
[2.409s] Level 5:colcon.colcon_core.verb:set package 'sensebeetle_interfaces' build argument 'cmake_force_configure' from command line to 'False'
[2.409s] Level 5:colcon.colcon_core.verb:set package 'sensebeetle_interfaces' build argument 'ament_cmake_args' from command line to 'None'
[2.409s] Level 5:colcon.colcon_core.verb:set package 'sensebeetle_interfaces' build argument 'catkin_cmake_args' from command line to 'None'
[2.409s] Level 5:colcon.colcon_core.verb:set package 'sensebeetle_interfaces' build argument 'catkin_skip_building_tests' from command line to 'False'
[2.410s] DEBUG:colcon.colcon_core.verb:Building package 'sensebeetle_interfaces' with the following arguments: {'ament_cmake_args': None, 'build_base': '/home/sunrise/sensebeetle2/build/sensebeetle_interfaces', 'catkin_cmake_args': None, 'catkin_skip_building_tests': False, 'cmake_args': None, 'cmake_clean_cache': False, 'cmake_clean_first': False, 'cmake_force_configure': False, 'cmake_target': None, 'cmake_target_skip_unavailable': False, 'install_base': '/home/sunrise/sensebeetle2/install/sensebeetle_interfaces', 'merge_install': False, 'path': '/home/sunrise/sensebeetle2/src/sensebeetle_interfaces', 'symlink_install': False, 'test_result_base': None}
[2.412s] Level 5:colcon.colcon_core.verb:set package 'rm_serial_driver' build argument 'cmake_args' from command line to 'None'
[2.412s] Level 5:colcon.colcon_core.verb:set package 'rm_serial_driver' build argument 'cmake_target' from command line to 'None'
[2.413s] Level 5:colcon.colcon_core.verb:set package 'rm_serial_driver' build argument 'cmake_target_skip_unavailable' from command line to 'False'
[2.413s] Level 5:colcon.colcon_core.verb:set package 'rm_serial_driver' build argument 'cmake_clean_cache' from command line to 'False'
[2.413s] Level 5:colcon.colcon_core.verb:set package 'rm_serial_driver' build argument 'cmake_clean_first' from command line to 'False'
[2.413s] Level 5:colcon.colcon_core.verb:set package 'rm_serial_driver' build argument 'cmake_force_configure' from command line to 'False'
[2.413s] Level 5:colcon.colcon_core.verb:set package 'rm_serial_driver' build argument 'ament_cmake_args' from command line to 'None'
[2.414s] Level 5:colcon.colcon_core.verb:set package 'rm_serial_driver' build argument 'catkin_cmake_args' from command line to 'None'
[2.414s] Level 5:colcon.colcon_core.verb:set package 'rm_serial_driver' build argument 'catkin_skip_building_tests' from command line to 'False'
[2.414s] DEBUG:colcon.colcon_core.verb:Building package 'rm_serial_driver' with the following arguments: {'ament_cmake_args': None, 'build_base': '/home/sunrise/sensebeetle2/build/rm_serial_driver', 'catkin_cmake_args': None, 'catkin_skip_building_tests': False, 'cmake_args': None, 'cmake_clean_cache': False, 'cmake_clean_first': False, 'cmake_force_configure': False, 'cmake_target': None, 'cmake_target_skip_unavailable': False, 'install_base': '/home/sunrise/sensebeetle2/install/rm_serial_driver', 'merge_install': False, 'path': '/home/sunrise/sensebeetle2/src/rm_serial_driver', 'symlink_install': False, 'test_result_base': None}
[2.415s] INFO:colcon.colcon_core.executor:Executing jobs using 'parallel' executor
[2.420s] DEBUG:colcon.colcon_parallel_executor.executor.parallel:run_until_complete
[2.421s] INFO:colcon.colcon_ros.task.ament_cmake.build:Building ROS package in '/home/sunrise/sensebeetle2/src/sensebeetle_interfaces' with build type 'ament_cmake'
[2.422s] INFO:colcon.colcon_cmake.task.cmake.build:Building CMake package in '/home/sunrise/sensebeetle2/src/sensebeetle_interfaces'
[2.433s] INFO:colcon.colcon_core.plugin_system:Skipping extension 'colcon_core.shell.bat': Not used on non-Windows systems
[2.434s] INFO:colcon.colcon_core.shell:Skip shell extension 'powershell' for command environment: Not usable outside of PowerShell
[2.434s] DEBUG:colcon.colcon_core.shell:Skip shell extension 'dsv' for command environment
[2.471s] DEBUG:colcon.colcon_core.event_handler.log_command:Invoking command in '/home/sunrise/sensebeetle2/build/sensebeetle_interfaces': CMAKE_PREFIX_PATH=/opt/ros/humble /home/sunrise/.local/bin/cmake --build /home/sunrise/sensebeetle2/build/sensebeetle_interfaces -- -j8 -l8
[4.623s] DEBUG:colcon.colcon_core.event_handler.log_command:Invoked command in '/home/sunrise/sensebeetle2/build/sensebeetle_interfaces' returned '0': CMAKE_PREFIX_PATH=/opt/ros/humble /home/sunrise/.local/bin/cmake --build /home/sunrise/sensebeetle2/build/sensebeetle_interfaces -- -j8 -l8
[4.831s] DEBUG:colcon.colcon_core.event_handler.log_command:Invoking command in '/home/sunrise/sensebeetle2/build/sensebeetle_interfaces': CMAKE_PREFIX_PATH=/opt/ros/humble /home/sunrise/.local/bin/cmake --install /home/sunrise/sensebeetle2/build/sensebeetle_interfaces
[5.302s] Level 1:colcon.colcon_core.environment:create_environment_scripts_only(sensebeetle_interfaces)
[5.304s] DEBUG:colcon.colcon_core.event_handler.log_command:Invoked command in '/home/sunrise/sensebeetle2/build/sensebeetle_interfaces' returned '0': CMAKE_PREFIX_PATH=/opt/ros/humble /home/sunrise/.local/bin/cmake --install /home/sunrise/sensebeetle2/build/sensebeetle_interfaces
[5.317s] Level 1:colcon.colcon_core.environment:checking '/home/sunrise/sensebeetle2/install/sensebeetle_interfaces' for CMake module files
[5.321s] Level 1:colcon.colcon_core.environment:checking '/home/sunrise/sensebeetle2/install/sensebeetle_interfaces' for CMake config files
[5.324s] Level 1:colcon.colcon_core.shell:create_environment_hook('sensebeetle_interfaces', 'cmake_prefix_path')
[5.326s] INFO:colcon.colcon_core.shell:Creating environment hook '/home/sunrise/sensebeetle2/install/sensebeetle_interfaces/share/sensebeetle_interfaces/hook/cmake_prefix_path.ps1'
[5.329s] INFO:colcon.colcon_core.shell:Creating environment descriptor '/home/sunrise/sensebeetle2/install/sensebeetle_interfaces/share/sensebeetle_interfaces/hook/cmake_prefix_path.dsv'
[5.333s] INFO:colcon.colcon_core.shell:Creating environment hook '/home/sunrise/sensebeetle2/install/sensebeetle_interfaces/share/sensebeetle_interfaces/hook/cmake_prefix_path.sh'
[5.339s] Level 1:colcon.colcon_core.environment:checking '/home/sunrise/sensebeetle2/install/sensebeetle_interfaces/lib'
[5.340s] Level 1:colcon.colcon_core.shell:create_environment_hook('sensebeetle_interfaces', 'ld_library_path_lib')
[5.342s] INFO:colcon.colcon_core.shell:Creating environment hook '/home/sunrise/sensebeetle2/install/sensebeetle_interfaces/share/sensebeetle_interfaces/hook/ld_library_path_lib.ps1'
[5.344s] INFO:colcon.colcon_core.shell:Creating environment descriptor '/home/sunrise/sensebeetle2/install/sensebeetle_interfaces/share/sensebeetle_interfaces/hook/ld_library_path_lib.dsv'
[5.347s] INFO:colcon.colcon_core.shell:Creating environment hook '/home/sunrise/sensebeetle2/install/sensebeetle_interfaces/share/sensebeetle_interfaces/hook/ld_library_path_lib.sh'
[5.349s] Level 1:colcon.colcon_core.environment:checking '/home/sunrise/sensebeetle2/install/sensebeetle_interfaces/bin'
[5.349s] Level 1:colcon.colcon_core.environment:checking '/home/sunrise/sensebeetle2/install/sensebeetle_interfaces/lib/pkgconfig/sensebeetle_interfaces.pc'
[5.351s] Level 1:colcon.colcon_core.environment:checking '/home/sunrise/sensebeetle2/install/sensebeetle_interfaces/lib/python3.10/site-packages'
[5.352s] Level 1:colcon.colcon_core.environment:checking '/home/sunrise/sensebeetle2/install/sensebeetle_interfaces/bin'
[5.354s] INFO:colcon.colcon_core.shell:Creating package script '/home/sunrise/sensebeetle2/install/sensebeetle_interfaces/share/sensebeetle_interfaces/package.ps1'
[5.359s] INFO:colcon.colcon_core.shell:Creating package descriptor '/home/sunrise/sensebeetle2/install/sensebeetle_interfaces/share/sensebeetle_interfaces/package.dsv'
[5.362s] INFO:colcon.colcon_core.shell:Creating package script '/home/sunrise/sensebeetle2/install/sensebeetle_interfaces/share/sensebeetle_interfaces/package.sh'
[5.367s] INFO:colcon.colcon_core.shell:Creating package script '/home/sunrise/sensebeetle2/install/sensebeetle_interfaces/share/sensebeetle_interfaces/package.bash'
[5.372s] INFO:colcon.colcon_core.shell:Creating package script '/home/sunrise/sensebeetle2/install/sensebeetle_interfaces/share/sensebeetle_interfaces/package.zsh'
[5.376s] Level 1:colcon.colcon_core.environment:create_file_with_runtime_dependencies(/home/sunrise/sensebeetle2/install/sensebeetle_interfaces/share/colcon-core/packages/sensebeetle_interfaces)
[5.380s] Level 1:colcon.colcon_core.environment:create_environment_scripts_only(sensebeetle_interfaces)
[5.381s] Level 1:colcon.colcon_core.environment:checking '/home/sunrise/sensebeetle2/install/sensebeetle_interfaces' for CMake module files
[5.385s] Level 1:colcon.colcon_core.environment:checking '/home/sunrise/sensebeetle2/install/sensebeetle_interfaces' for CMake config files
[5.387s] Level 1:colcon.colcon_core.shell:create_environment_hook('sensebeetle_interfaces', 'cmake_prefix_path')
[5.389s] INFO:colcon.colcon_core.shell:Creating environment hook '/home/sunrise/sensebeetle2/install/sensebeetle_interfaces/share/sensebeetle_interfaces/hook/cmake_prefix_path.ps1'
[5.391s] INFO:colcon.colcon_core.shell:Creating environment descriptor '/home/sunrise/sensebeetle2/install/sensebeetle_interfaces/share/sensebeetle_interfaces/hook/cmake_prefix_path.dsv'
[5.393s] INFO:colcon.colcon_core.shell:Creating environment hook '/home/sunrise/sensebeetle2/install/sensebeetle_interfaces/share/sensebeetle_interfaces/hook/cmake_prefix_path.sh'
[5.396s] Level 1:colcon.colcon_core.environment:checking '/home/sunrise/sensebeetle2/install/sensebeetle_interfaces/lib'
[5.397s] Level 1:colcon.colcon_core.shell:create_environment_hook('sensebeetle_interfaces', 'ld_library_path_lib')
[5.398s] INFO:colcon.colcon_core.shell:Creating environment hook '/home/sunrise/sensebeetle2/install/sensebeetle_interfaces/share/sensebeetle_interfaces/hook/ld_library_path_lib.ps1'
[5.401s] INFO:colcon.colcon_core.shell:Creating environment descriptor '/home/sunrise/sensebeetle2/install/sensebeetle_interfaces/share/sensebeetle_interfaces/hook/ld_library_path_lib.dsv'
[5.404s] INFO:colcon.colcon_core.shell:Creating environment hook '/home/sunrise/sensebeetle2/install/sensebeetle_interfaces/share/sensebeetle_interfaces/hook/ld_library_path_lib.sh'
[5.406s] Level 1:colcon.colcon_core.environment:checking '/home/sunrise/sensebeetle2/install/sensebeetle_interfaces/bin'
[5.407s] Level 1:colcon.colcon_core.environment:checking '/home/sunrise/sensebeetle2/install/sensebeetle_interfaces/lib/pkgconfig/sensebeetle_interfaces.pc'
[5.409s] Level 1:colcon.colcon_core.environment:checking '/home/sunrise/sensebeetle2/install/sensebeetle_interfaces/lib/python3.10/site-packages'
[5.410s] Level 1:colcon.colcon_core.environment:checking '/home/sunrise/sensebeetle2/install/sensebeetle_interfaces/bin'
[5.412s] INFO:colcon.colcon_core.shell:Creating package script '/home/sunrise/sensebeetle2/install/sensebeetle_interfaces/share/sensebeetle_interfaces/package.ps1'
[5.416s] INFO:colcon.colcon_core.shell:Creating package descriptor '/home/sunrise/sensebeetle2/install/sensebeetle_interfaces/share/sensebeetle_interfaces/package.dsv'
[5.419s] INFO:colcon.colcon_core.shell:Creating package script '/home/sunrise/sensebeetle2/install/sensebeetle_interfaces/share/sensebeetle_interfaces/package.sh'
[5.422s] INFO:colcon.colcon_core.shell:Creating package script '/home/sunrise/sensebeetle2/install/sensebeetle_interfaces/share/sensebeetle_interfaces/package.bash'
[5.425s] INFO:colcon.colcon_core.shell:Creating package script '/home/sunrise/sensebeetle2/install/sensebeetle_interfaces/share/sensebeetle_interfaces/package.zsh'
[5.427s] Level 1:colcon.colcon_core.environment:create_file_with_runtime_dependencies(/home/sunrise/sensebeetle2/install/sensebeetle_interfaces/share/colcon-core/packages/sensebeetle_interfaces)
[5.429s] INFO:colcon.colcon_ros.task.ament_cmake.build:Building ROS package in '/home/sunrise/sensebeetle2/src/rm_serial_driver' with build type 'ament_cmake'
[5.430s] INFO:colcon.colcon_cmake.task.cmake.build:Building CMake package in '/home/sunrise/sensebeetle2/src/rm_serial_driver'
[5.431s] INFO:colcon.colcon_core.shell:Skip shell extension 'powershell' for command environment: Not usable outside of PowerShell
[5.432s] DEBUG:colcon.colcon_core.shell:Skip shell extension 'dsv' for command environment
[5.477s] DEBUG:colcon.colcon_core.event_handler.log_command:Invoking command in '/home/sunrise/sensebeetle2/build/rm_serial_driver': AMENT_PREFIX_PATH=/home/sunrise/sensebeetle2/install/sensebeetle_interfaces:${AMENT_PREFIX_PATH} CMAKE_PREFIX_PATH=/home/sunrise/sensebeetle2/install/sensebeetle_interfaces:/opt/ros/humble LD_LIBRARY_PATH=/home/sunrise/sensebeetle2/install/sensebeetle_interfaces/lib:/opt/MVS/lib/aarch64:/opt/MVS/lib/aarch64:y/MVS/lib/aarch64:/opt/MVS/lib/aarch64:/opt/ros/humble/opt/rviz_ogre_vendor/lib:/opt/ros/humble/lib/aarch64-linux-gnu:/opt/ros/humble/opt/openvdb_vendor/lib:/opt/ros/humble/lib:/opt/MVS/lib/aarch64:y/MVS/lib/aarch64:/usr/hobot/lib:/app/lib:/app/pub/lib:/middleware/lib:/middleware/pub/lib:/usr/hobot/lib/sensor:/system/lib:/system/usr/lib:/lib PYTHONPATH=/home/sunrise/sensebeetle2/install/sensebeetle_interfaces/local/lib/python3.10/dist-packages:${PYTHONPATH} /home/sunrise/.local/bin/cmake --build /home/sunrise/sensebeetle2/build/rm_serial_driver -- -j8 -l8
[110.977s] DEBUG:colcon.colcon_core.event_handler.log_command:Invoked command in '/home/sunrise/sensebeetle2/build/rm_serial_driver' returned '0': AMENT_PREFIX_PATH=/home/sunrise/sensebeetle2/install/sensebeetle_interfaces:${AMENT_PREFIX_PATH} CMAKE_PREFIX_PATH=/home/sunrise/sensebeetle2/install/sensebeetle_interfaces:/opt/ros/humble LD_LIBRARY_PATH=/home/sunrise/sensebeetle2/install/sensebeetle_interfaces/lib:/opt/MVS/lib/aarch64:/opt/MVS/lib/aarch64:y/MVS/lib/aarch64:/opt/MVS/lib/aarch64:/opt/ros/humble/opt/rviz_ogre_vendor/lib:/opt/ros/humble/lib/aarch64-linux-gnu:/opt/ros/humble/opt/openvdb_vendor/lib:/opt/ros/humble/lib:/opt/MVS/lib/aarch64:y/MVS/lib/aarch64:/usr/hobot/lib:/app/lib:/app/pub/lib:/middleware/lib:/middleware/pub/lib:/usr/hobot/lib/sensor:/system/lib:/system/usr/lib:/lib PYTHONPATH=/home/sunrise/sensebeetle2/install/sensebeetle_interfaces/local/lib/python3.10/dist-packages:${PYTHONPATH} /home/sunrise/.local/bin/cmake --build /home/sunrise/sensebeetle2/build/rm_serial_driver -- -j8 -l8
[110.984s] DEBUG:colcon.colcon_core.event_handler.log_command:Invoking command in '/home/sunrise/sensebeetle2/build/rm_serial_driver': AMENT_PREFIX_PATH=/home/sunrise/sensebeetle2/install/sensebeetle_interfaces:${AMENT_PREFIX_PATH} CMAKE_PREFIX_PATH=/home/sunrise/sensebeetle2/install/sensebeetle_interfaces:/opt/ros/humble LD_LIBRARY_PATH=/home/sunrise/sensebeetle2/install/sensebeetle_interfaces/lib:/opt/MVS/lib/aarch64:/opt/MVS/lib/aarch64:y/MVS/lib/aarch64:/opt/MVS/lib/aarch64:/opt/ros/humble/opt/rviz_ogre_vendor/lib:/opt/ros/humble/lib/aarch64-linux-gnu:/opt/ros/humble/opt/openvdb_vendor/lib:/opt/ros/humble/lib:/opt/MVS/lib/aarch64:y/MVS/lib/aarch64:/usr/hobot/lib:/app/lib:/app/pub/lib:/middleware/lib:/middleware/pub/lib:/usr/hobot/lib/sensor:/system/lib:/system/usr/lib:/lib PYTHONPATH=/home/sunrise/sensebeetle2/install/sensebeetle_interfaces/local/lib/python3.10/dist-packages:${PYTHONPATH} /home/sunrise/.local/bin/cmake --install /home/sunrise/sensebeetle2/build/rm_serial_driver
[111.295s] Level 1:colcon.colcon_core.environment:create_environment_scripts_only(rm_serial_driver)
[111.297s] Level 1:colcon.colcon_core.environment:checking '/home/sunrise/sensebeetle2/install/rm_serial_driver' for CMake module files
[111.300s] DEBUG:colcon.colcon_core.event_handler.log_command:Invoked command in '/home/sunrise/sensebeetle2/build/rm_serial_driver' returned '0': AMENT_PREFIX_PATH=/home/sunrise/sensebeetle2/install/sensebeetle_interfaces:${AMENT_PREFIX_PATH} CMAKE_PREFIX_PATH=/home/sunrise/sensebeetle2/install/sensebeetle_interfaces:/opt/ros/humble LD_LIBRARY_PATH=/home/sunrise/sensebeetle2/install/sensebeetle_interfaces/lib:/opt/MVS/lib/aarch64:/opt/MVS/lib/aarch64:y/MVS/lib/aarch64:/opt/MVS/lib/aarch64:/opt/ros/humble/opt/rviz_ogre_vendor/lib:/opt/ros/humble/lib/aarch64-linux-gnu:/opt/ros/humble/opt/openvdb_vendor/lib:/opt/ros/humble/lib:/opt/MVS/lib/aarch64:y/MVS/lib/aarch64:/usr/hobot/lib:/app/lib:/app/pub/lib:/middleware/lib:/middleware/pub/lib:/usr/hobot/lib/sensor:/system/lib:/system/usr/lib:/lib PYTHONPATH=/home/sunrise/sensebeetle2/install/sensebeetle_interfaces/local/lib/python3.10/dist-packages:${PYTHONPATH} /home/sunrise/.local/bin/cmake --install /home/sunrise/sensebeetle2/build/rm_serial_driver
[111.302s] Level 1:colcon.colcon_core.environment:checking '/home/sunrise/sensebeetle2/install/rm_serial_driver' for CMake config files
[111.304s] Level 1:colcon.colcon_core.shell:create_environment_hook('rm_serial_driver', 'cmake_prefix_path')
[111.305s] INFO:colcon.colcon_core.shell:Creating environment hook '/home/sunrise/sensebeetle2/install/rm_serial_driver/share/rm_serial_driver/hook/cmake_prefix_path.ps1'
[111.308s] INFO:colcon.colcon_core.shell:Creating environment descriptor '/home/sunrise/sensebeetle2/install/rm_serial_driver/share/rm_serial_driver/hook/cmake_prefix_path.dsv'
[111.311s] INFO:colcon.colcon_core.shell:Creating environment hook '/home/sunrise/sensebeetle2/install/rm_serial_driver/share/rm_serial_driver/hook/cmake_prefix_path.sh'
[111.314s] Level 1:colcon.colcon_core.environment:checking '/home/sunrise/sensebeetle2/install/rm_serial_driver/lib'
[111.314s] Level 1:colcon.colcon_core.shell:create_environment_hook('rm_serial_driver', 'ld_library_path_lib')
[111.316s] INFO:colcon.colcon_core.shell:Creating environment hook '/home/sunrise/sensebeetle2/install/rm_serial_driver/share/rm_serial_driver/hook/ld_library_path_lib.ps1'
[111.319s] INFO:colcon.colcon_core.shell:Creating environment descriptor '/home/sunrise/sensebeetle2/install/rm_serial_driver/share/rm_serial_driver/hook/ld_library_path_lib.dsv'
[111.321s] INFO:colcon.colcon_core.shell:Creating environment hook '/home/sunrise/sensebeetle2/install/rm_serial_driver/share/rm_serial_driver/hook/ld_library_path_lib.sh'
[111.324s] Level 1:colcon.colcon_core.environment:checking '/home/sunrise/sensebeetle2/install/rm_serial_driver/bin'
[111.325s] Level 1:colcon.colcon_core.environment:checking '/home/sunrise/sensebeetle2/install/rm_serial_driver/lib/pkgconfig/rm_serial_driver.pc'
[111.326s] Level 1:colcon.colcon_core.environment:checking '/home/sunrise/sensebeetle2/install/rm_serial_driver/lib/python3.10/site-packages'
[111.327s] Level 1:colcon.colcon_core.environment:checking '/home/sunrise/sensebeetle2/install/rm_serial_driver/bin'
[111.330s] INFO:colcon.colcon_core.shell:Creating package script '/home/sunrise/sensebeetle2/install/rm_serial_driver/share/rm_serial_driver/package.ps1'
[111.333s] INFO:colcon.colcon_core.shell:Creating package descriptor '/home/sunrise/sensebeetle2/install/rm_serial_driver/share/rm_serial_driver/package.dsv'
[111.337s] INFO:colcon.colcon_core.shell:Creating package script '/home/sunrise/sensebeetle2/install/rm_serial_driver/share/rm_serial_driver/package.sh'
[111.340s] INFO:colcon.colcon_core.shell:Creating package script '/home/sunrise/sensebeetle2/install/rm_serial_driver/share/rm_serial_driver/package.bash'
[111.342s] INFO:colcon.colcon_core.shell:Creating package script '/home/sunrise/sensebeetle2/install/rm_serial_driver/share/rm_serial_driver/package.zsh'
[111.345s] Level 1:colcon.colcon_core.environment:create_file_with_runtime_dependencies(/home/sunrise/sensebeetle2/install/rm_serial_driver/share/colcon-core/packages/rm_serial_driver)
[111.348s] Level 1:colcon.colcon_core.environment:create_environment_scripts_only(rm_serial_driver)
[111.350s] Level 1:colcon.colcon_core.environment:checking '/home/sunrise/sensebeetle2/install/rm_serial_driver' for CMake module files
[111.354s] Level 1:colcon.colcon_core.environment:checking '/home/sunrise/sensebeetle2/install/rm_serial_driver' for CMake config files
[111.355s] Level 1:colcon.colcon_core.shell:create_environment_hook('rm_serial_driver', 'cmake_prefix_path')
[111.357s] INFO:colcon.colcon_core.shell:Creating environment hook '/home/sunrise/sensebeetle2/install/rm_serial_driver/share/rm_serial_driver/hook/cmake_prefix_path.ps1'
[111.359s] INFO:colcon.colcon_core.shell:Creating environment descriptor '/home/sunrise/sensebeetle2/install/rm_serial_driver/share/rm_serial_driver/hook/cmake_prefix_path.dsv'
[111.362s] INFO:colcon.colcon_core.shell:Creating environment hook '/home/sunrise/sensebeetle2/install/rm_serial_driver/share/rm_serial_driver/hook/cmake_prefix_path.sh'
[111.365s] Level 1:colcon.colcon_core.environment:checking '/home/sunrise/sensebeetle2/install/rm_serial_driver/lib'
[111.366s] Level 1:colcon.colcon_core.shell:create_environment_hook('rm_serial_driver', 'ld_library_path_lib')
[111.368s] INFO:colcon.colcon_core.shell:Creating environment hook '/home/sunrise/sensebeetle2/install/rm_serial_driver/share/rm_serial_driver/hook/ld_library_path_lib.ps1'
[111.371s] INFO:colcon.colcon_core.shell:Creating environment descriptor '/home/sunrise/sensebeetle2/install/rm_serial_driver/share/rm_serial_driver/hook/ld_library_path_lib.dsv'
[111.373s] INFO:colcon.colcon_core.shell:Creating environment hook '/home/sunrise/sensebeetle2/install/rm_serial_driver/share/rm_serial_driver/hook/ld_library_path_lib.sh'
[111.376s] Level 1:colcon.colcon_core.environment:checking '/home/sunrise/sensebeetle2/install/rm_serial_driver/bin'
[111.377s] Level 1:colcon.colcon_core.environment:checking '/home/sunrise/sensebeetle2/install/rm_serial_driver/lib/pkgconfig/rm_serial_driver.pc'
[111.379s] Level 1:colcon.colcon_core.environment:checking '/home/sunrise/sensebeetle2/install/rm_serial_driver/lib/python3.10/site-packages'
[111.380s] Level 1:colcon.colcon_core.environment:checking '/home/sunrise/sensebeetle2/install/rm_serial_driver/bin'
[111.383s] INFO:colcon.colcon_core.shell:Creating package script '/home/sunrise/sensebeetle2/install/rm_serial_driver/share/rm_serial_driver/package.ps1'
[111.387s] INFO:colcon.colcon_core.shell:Creating package descriptor '/home/sunrise/sensebeetle2/install/rm_serial_driver/share/rm_serial_driver/package.dsv'
[111.390s] INFO:colcon.colcon_core.shell:Creating package script '/home/sunrise/sensebeetle2/install/rm_serial_driver/share/rm_serial_driver/package.sh'
[111.394s] INFO:colcon.colcon_core.shell:Creating package script '/home/sunrise/sensebeetle2/install/rm_serial_driver/share/rm_serial_driver/package.bash'
[111.397s] INFO:colcon.colcon_core.shell:Creating package script '/home/sunrise/sensebeetle2/install/rm_serial_driver/share/rm_serial_driver/package.zsh'
[111.400s] Level 1:colcon.colcon_core.environment:create_file_with_runtime_dependencies(/home/sunrise/sensebeetle2/install/rm_serial_driver/share/colcon-core/packages/rm_serial_driver)
[111.401s] DEBUG:colcon.colcon_parallel_executor.executor.parallel:closing loop
[111.403s] DEBUG:colcon.colcon_parallel_executor.executor.parallel:loop closed
[111.403s] DEBUG:colcon.colcon_parallel_executor.executor.parallel:run_until_complete finished with '0'
[111.404s] DEBUG:colcon.colcon_core.event_reactor:joining thread
[111.437s] INFO:colcon.colcon_core.plugin_system:Skipping extension 'colcon_notification.desktop_notification.notify_send': Could not find 'notify-send'
[111.437s] INFO:colcon.colcon_core.plugin_system:Skipping extension 'colcon_notification.desktop_notification.terminal_notifier': Not used on non-Darwin systems
[111.438s] INFO:colcon.colcon_core.plugin_system:Skipping extension 'colcon_notification.desktop_notification.win32': Not used on non-Windows systems
[111.439s] INFO:colcon.colcon_notification.desktop_notification:Sending desktop notification using 'notify2'
[111.447s] DEBUG:colcon.colcon_core.event_reactor:joined thread
[111.449s] INFO:colcon.colcon_core.shell:Creating prefix script '/home/sunrise/sensebeetle2/install/local_setup.ps1'
[111.456s] INFO:colcon.colcon_core.shell:Creating prefix util module '/home/sunrise/sensebeetle2/install/_local_setup_util_ps1.py'
[111.465s] INFO:colcon.colcon_core.shell:Creating prefix chain script '/home/sunrise/sensebeetle2/install/setup.ps1'
[111.472s] INFO:colcon.colcon_core.shell:Creating prefix script '/home/sunrise/sensebeetle2/install/local_setup.sh'
[111.476s] INFO:colcon.colcon_core.shell:Creating prefix util module '/home/sunrise/sensebeetle2/install/_local_setup_util_sh.py'
[111.480s] INFO:colcon.colcon_core.shell:Creating prefix chain script '/home/sunrise/sensebeetle2/install/setup.sh'
[111.487s] INFO:colcon.colcon_core.shell:Creating prefix script '/home/sunrise/sensebeetle2/install/local_setup.bash'
[111.491s] INFO:colcon.colcon_core.shell:Creating prefix chain script '/home/sunrise/sensebeetle2/install/setup.bash'
[111.497s] INFO:colcon.colcon_core.shell:Creating prefix script '/home/sunrise/sensebeetle2/install/local_setup.zsh'
[111.500s] INFO:colcon.colcon_core.shell:Creating prefix chain script '/home/sunrise/sensebeetle2/install/setup.zsh'
