[0.673s] DEBUG:colcon:Command line arguments: ['/usr/bin/colcon', 'build']
[0.673s] DEBUG:colcon:Parsed command line arguments: Namespace(log_base=None, log_level=None, verb_name='build', build_base='build', install_base='install', merge_install=False, symlink_install=False, test_result_base=None, continue_on_error=False, executor='parallel', parallel_workers=8, event_handlers=None, ignore_user_meta=False, metas=['./colcon.meta'], base_paths=['.'], packages_ignore=None, packages_ignore_regex=None, paths=None, packages_up_to=None, packages_up_to_regex=None, packages_above=None, packages_above_and_dependencies=None, packages_above_depth=None, packages_select_by_dep=None, packages_skip_by_dep=None, packages_skip_up_to=None, packages_select_build_failed=False, packages_skip_build_finished=False, packages_select_test_failures=False, packages_skip_test_passed=False, packages_select=None, packages_skip=None, packages_select_regex=None, packages_skip_regex=None, packages_start=None, packages_end=None, allow_overriding=[], cmake_args=None, cmake_target=None, cmake_target_skip_unavailable=False, cmake_clean_cache=False, cmake_clean_first=False, cmake_force_configure=False, ament_cmake_args=None, catkin_cmake_args=None, catkin_skip_building_tests=False, verb_parser=<colcon_defaults.argument_parser.defaults.DefaultArgumentsDecorator object at 0xffffa8e18e50>, verb_extension=<colcon_core.verb.build.BuildVerb object at 0xffffa8fb2b60>, main=<bound method BuildVerb.main of <colcon_core.verb.build.BuildVerb object at 0xffffa8fb2b60>>)
[2.004s] Level 1:colcon.colcon_core.package_discovery:discover_packages(colcon_meta) check parameters
[2.005s] Level 1:colcon.colcon_core.package_discovery:discover_packages(recursive) check parameters
[2.005s] Level 1:colcon.colcon_core.package_discovery:discover_packages(ignore) check parameters
[2.005s] Level 1:colcon.colcon_core.package_discovery:discover_packages(path) check parameters
[2.005s] Level 1:colcon.colcon_core.package_discovery:discover_packages(colcon_meta) discover
[2.006s] Level 1:colcon.colcon_core.package_discovery:discover_packages(recursive) discover
[2.006s] INFO:colcon.colcon_core.package_discovery:Crawling recursively for packages in '/home/sunrise/sensebeetle2'
[2.007s] Level 1:colcon.colcon_core.package_identification:_identify(.) by extensions ['ignore', 'ignore_ament_install']
[2.007s] Level 1:colcon.colcon_core.package_identification:_identify(.) by extension 'ignore'
[2.008s] Level 1:colcon.colcon_core.package_identification:_identify(.) by extension 'ignore_ament_install'
[2.008s] Level 1:colcon.colcon_core.package_identification:_identify(.) by extensions ['colcon_pkg']
[2.009s] Level 1:colcon.colcon_core.package_identification:_identify(.) by extension 'colcon_pkg'
[2.009s] Level 1:colcon.colcon_core.package_identification:_identify(.) by extensions ['colcon_meta']
[2.009s] Level 1:colcon.colcon_core.package_identification:_identify(.) by extension 'colcon_meta'
[2.009s] Level 1:colcon.colcon_core.package_identification:_identify(.) by extensions ['ros']
[2.010s] Level 1:colcon.colcon_core.package_identification:_identify(.) by extension 'ros'
[2.087s] Level 1:colcon.colcon_core.package_identification:_identify(.) by extensions ['cmake', 'python']
[2.088s] Level 1:colcon.colcon_core.package_identification:_identify(.) by extension 'cmake'
[2.088s] Level 1:colcon.colcon_core.package_identification:_identify(.) by extension 'python'
[2.089s] Level 1:colcon.colcon_core.package_identification:_identify(.) by extensions ['python_setup_py']
[2.089s] Level 1:colcon.colcon_core.package_identification:_identify(.) by extension 'python_setup_py'
[2.090s] Level 1:colcon.colcon_core.package_identification:_identify(build) by extensions ['ignore', 'ignore_ament_install']
[2.091s] Level 1:colcon.colcon_core.package_identification:_identify(build) by extension 'ignore'
[2.092s] Level 1:colcon.colcon_core.package_identification:_identify(build) ignored
[2.093s] Level 1:colcon.colcon_core.package_identification:_identify(install) by extensions ['ignore', 'ignore_ament_install']
[2.093s] Level 1:colcon.colcon_core.package_identification:_identify(install) by extension 'ignore'
[2.094s] Level 1:colcon.colcon_core.package_identification:_identify(install) ignored
[2.095s] Level 1:colcon.colcon_core.package_identification:_identify(log) by extensions ['ignore', 'ignore_ament_install']
[2.095s] Level 1:colcon.colcon_core.package_identification:_identify(log) by extension 'ignore'
[2.096s] Level 1:colcon.colcon_core.package_identification:_identify(log) ignored
[2.096s] Level 1:colcon.colcon_core.package_identification:_identify(src) by extensions ['ignore', 'ignore_ament_install']
[2.097s] Level 1:colcon.colcon_core.package_identification:_identify(src) by extension 'ignore'
[2.097s] Level 1:colcon.colcon_core.package_identification:_identify(src) by extension 'ignore_ament_install'
[2.098s] Level 1:colcon.colcon_core.package_identification:_identify(src) by extensions ['colcon_pkg']
[2.098s] Level 1:colcon.colcon_core.package_identification:_identify(src) by extension 'colcon_pkg'
[2.098s] Level 1:colcon.colcon_core.package_identification:_identify(src) by extensions ['colcon_meta']
[2.099s] Level 1:colcon.colcon_core.package_identification:_identify(src) by extension 'colcon_meta'
[2.099s] Level 1:colcon.colcon_core.package_identification:_identify(src) by extensions ['ros']
[2.099s] Level 1:colcon.colcon_core.package_identification:_identify(src) by extension 'ros'
[2.100s] Level 1:colcon.colcon_core.package_identification:_identify(src) by extensions ['cmake', 'python']
[2.100s] Level 1:colcon.colcon_core.package_identification:_identify(src) by extension 'cmake'
[2.100s] Level 1:colcon.colcon_core.package_identification:_identify(src) by extension 'python'
[2.101s] Level 1:colcon.colcon_core.package_identification:_identify(src) by extensions ['python_setup_py']
[2.101s] Level 1:colcon.colcon_core.package_identification:_identify(src) by extension 'python_setup_py'
[2.102s] Level 1:colcon.colcon_core.package_identification:_identify(src/rm_serial_driver) by extensions ['ignore', 'ignore_ament_install']
[2.102s] Level 1:colcon.colcon_core.package_identification:_identify(src/rm_serial_driver) by extension 'ignore'
[2.103s] Level 1:colcon.colcon_core.package_identification:_identify(src/rm_serial_driver) by extension 'ignore_ament_install'
[2.103s] Level 1:colcon.colcon_core.package_identification:_identify(src/rm_serial_driver) by extensions ['colcon_pkg']
[2.103s] Level 1:colcon.colcon_core.package_identification:_identify(src/rm_serial_driver) by extension 'colcon_pkg'
[2.104s] Level 1:colcon.colcon_core.package_identification:_identify(src/rm_serial_driver) by extensions ['colcon_meta']
[2.104s] Level 1:colcon.colcon_core.package_identification:_identify(src/rm_serial_driver) by extension 'colcon_meta'
[2.104s] Level 1:colcon.colcon_core.package_identification:_identify(src/rm_serial_driver) by extensions ['ros']
[2.104s] Level 1:colcon.colcon_core.package_identification:_identify(src/rm_serial_driver) by extension 'ros'
[2.124s] DEBUG:colcon.colcon_core.package_identification:Package 'src/rm_serial_driver' with type 'ros.ament_cmake' and name 'rm_serial_driver'
[2.125s] Level 1:colcon.colcon_core.package_identification:_identify(src/sensebeetle_interfaces) by extensions ['ignore', 'ignore_ament_install']
[2.125s] Level 1:colcon.colcon_core.package_identification:_identify(src/sensebeetle_interfaces) by extension 'ignore'
[2.126s] Level 1:colcon.colcon_core.package_identification:_identify(src/sensebeetle_interfaces) by extension 'ignore_ament_install'
[2.127s] Level 1:colcon.colcon_core.package_identification:_identify(src/sensebeetle_interfaces) by extensions ['colcon_pkg']
[2.127s] Level 1:colcon.colcon_core.package_identification:_identify(src/sensebeetle_interfaces) by extension 'colcon_pkg'
[2.127s] Level 1:colcon.colcon_core.package_identification:_identify(src/sensebeetle_interfaces) by extensions ['colcon_meta']
[2.127s] Level 1:colcon.colcon_core.package_identification:_identify(src/sensebeetle_interfaces) by extension 'colcon_meta'
[2.128s] Level 1:colcon.colcon_core.package_identification:_identify(src/sensebeetle_interfaces) by extensions ['ros']
[2.128s] Level 1:colcon.colcon_core.package_identification:_identify(src/sensebeetle_interfaces) by extension 'ros'
[2.133s] DEBUG:colcon.colcon_core.package_identification:Package 'src/sensebeetle_interfaces' with type 'ros.ament_cmake' and name 'sensebeetle_interfaces'
[2.134s] Level 1:colcon.colcon_core.package_discovery:discover_packages(recursive) using defaults
[2.134s] Level 1:colcon.colcon_core.package_discovery:discover_packages(ignore) discover
[2.134s] Level 1:colcon.colcon_core.package_discovery:discover_packages(ignore) using defaults
[2.134s] Level 1:colcon.colcon_core.package_discovery:discover_packages(path) discover
[2.135s] Level 1:colcon.colcon_core.package_discovery:discover_packages(path) using defaults
[2.359s] Level 1:colcon.colcon_core.package_discovery:discover_packages(prefix_path) check parameters
[2.360s] Level 1:colcon.colcon_core.package_discovery:discover_packages(prefix_path) discover
[2.379s] DEBUG:colcon.colcon_installed_package_information.package_discovery:Found 364 installed packages in /opt/ros/humble
[2.394s] Level 1:colcon.colcon_core.package_discovery:discover_packages(prefix_path) using defaults
[2.783s] Level 5:colcon.colcon_core.verb:set package 'sensebeetle_interfaces' build argument 'cmake_args' from command line to 'None'
[2.784s] Level 5:colcon.colcon_core.verb:set package 'sensebeetle_interfaces' build argument 'cmake_target' from command line to 'None'
[2.784s] Level 5:colcon.colcon_core.verb:set package 'sensebeetle_interfaces' build argument 'cmake_target_skip_unavailable' from command line to 'False'
[2.785s] Level 5:colcon.colcon_core.verb:set package 'sensebeetle_interfaces' build argument 'cmake_clean_cache' from command line to 'False'
[2.785s] Level 5:colcon.colcon_core.verb:set package 'sensebeetle_interfaces' build argument 'cmake_clean_first' from command line to 'False'
[2.786s] Level 5:colcon.colcon_core.verb:set package 'sensebeetle_interfaces' build argument 'cmake_force_configure' from command line to 'False'
[2.786s] Level 5:colcon.colcon_core.verb:set package 'sensebeetle_interfaces' build argument 'ament_cmake_args' from command line to 'None'
[2.787s] Level 5:colcon.colcon_core.verb:set package 'sensebeetle_interfaces' build argument 'catkin_cmake_args' from command line to 'None'
[2.787s] Level 5:colcon.colcon_core.verb:set package 'sensebeetle_interfaces' build argument 'catkin_skip_building_tests' from command line to 'False'
[2.788s] DEBUG:colcon.colcon_core.verb:Building package 'sensebeetle_interfaces' with the following arguments: {'ament_cmake_args': None, 'build_base': '/home/sunrise/sensebeetle2/build/sensebeetle_interfaces', 'catkin_cmake_args': None, 'catkin_skip_building_tests': False, 'cmake_args': None, 'cmake_clean_cache': False, 'cmake_clean_first': False, 'cmake_force_configure': False, 'cmake_target': None, 'cmake_target_skip_unavailable': False, 'install_base': '/home/sunrise/sensebeetle2/install/sensebeetle_interfaces', 'merge_install': False, 'path': '/home/sunrise/sensebeetle2/src/sensebeetle_interfaces', 'symlink_install': False, 'test_result_base': None}
[2.791s] Level 5:colcon.colcon_core.verb:set package 'rm_serial_driver' build argument 'cmake_args' from command line to 'None'
[2.792s] Level 5:colcon.colcon_core.verb:set package 'rm_serial_driver' build argument 'cmake_target' from command line to 'None'
[2.793s] Level 5:colcon.colcon_core.verb:set package 'rm_serial_driver' build argument 'cmake_target_skip_unavailable' from command line to 'False'
[2.793s] Level 5:colcon.colcon_core.verb:set package 'rm_serial_driver' build argument 'cmake_clean_cache' from command line to 'False'
[2.793s] Level 5:colcon.colcon_core.verb:set package 'rm_serial_driver' build argument 'cmake_clean_first' from command line to 'False'
[2.794s] Level 5:colcon.colcon_core.verb:set package 'rm_serial_driver' build argument 'cmake_force_configure' from command line to 'False'
[2.794s] Level 5:colcon.colcon_core.verb:set package 'rm_serial_driver' build argument 'ament_cmake_args' from command line to 'None'
[2.794s] Level 5:colcon.colcon_core.verb:set package 'rm_serial_driver' build argument 'catkin_cmake_args' from command line to 'None'
[2.795s] Level 5:colcon.colcon_core.verb:set package 'rm_serial_driver' build argument 'catkin_skip_building_tests' from command line to 'False'
[2.795s] DEBUG:colcon.colcon_core.verb:Building package 'rm_serial_driver' with the following arguments: {'ament_cmake_args': None, 'build_base': '/home/sunrise/sensebeetle2/build/rm_serial_driver', 'catkin_cmake_args': None, 'catkin_skip_building_tests': False, 'cmake_args': None, 'cmake_clean_cache': False, 'cmake_clean_first': False, 'cmake_force_configure': False, 'cmake_target': None, 'cmake_target_skip_unavailable': False, 'install_base': '/home/sunrise/sensebeetle2/install/rm_serial_driver', 'merge_install': False, 'path': '/home/sunrise/sensebeetle2/src/rm_serial_driver', 'symlink_install': False, 'test_result_base': None}
[2.797s] INFO:colcon.colcon_core.executor:Executing jobs using 'parallel' executor
[2.804s] DEBUG:colcon.colcon_parallel_executor.executor.parallel:run_until_complete
[2.807s] INFO:colcon.colcon_ros.task.ament_cmake.build:Building ROS package in '/home/sunrise/sensebeetle2/src/sensebeetle_interfaces' with build type 'ament_cmake'
[2.808s] INFO:colcon.colcon_cmake.task.cmake.build:Building CMake package in '/home/sunrise/sensebeetle2/src/sensebeetle_interfaces'
[2.827s] INFO:colcon.colcon_core.plugin_system:Skipping extension 'colcon_core.shell.bat': Not used on non-Windows systems
[2.829s] INFO:colcon.colcon_core.shell:Skip shell extension 'powershell' for command environment: Not usable outside of PowerShell
[2.830s] DEBUG:colcon.colcon_core.shell:Skip shell extension 'dsv' for command environment
[2.879s] DEBUG:colcon.colcon_core.event_handler.log_command:Invoking command in '/home/sunrise/sensebeetle2/build/sensebeetle_interfaces': CMAKE_PREFIX_PATH=/opt/ros/humble /home/sunrise/.local/bin/cmake --build /home/sunrise/sensebeetle2/build/sensebeetle_interfaces -- -j8 -l8
[5.540s] DEBUG:colcon.colcon_core.event_handler.log_command:Invoked command in '/home/sunrise/sensebeetle2/build/sensebeetle_interfaces' returned '0': CMAKE_PREFIX_PATH=/opt/ros/humble /home/sunrise/.local/bin/cmake --build /home/sunrise/sensebeetle2/build/sensebeetle_interfaces -- -j8 -l8
[5.741s] DEBUG:colcon.colcon_core.event_handler.log_command:Invoking command in '/home/sunrise/sensebeetle2/build/sensebeetle_interfaces': CMAKE_PREFIX_PATH=/opt/ros/humble /home/sunrise/.local/bin/cmake --install /home/sunrise/sensebeetle2/build/sensebeetle_interfaces
[6.210s] Level 1:colcon.colcon_core.environment:create_environment_scripts_only(sensebeetle_interfaces)
[6.213s] DEBUG:colcon.colcon_core.event_handler.log_command:Invoked command in '/home/sunrise/sensebeetle2/build/sensebeetle_interfaces' returned '0': CMAKE_PREFIX_PATH=/opt/ros/humble /home/sunrise/.local/bin/cmake --install /home/sunrise/sensebeetle2/build/sensebeetle_interfaces
[6.228s] Level 1:colcon.colcon_core.environment:checking '/home/sunrise/sensebeetle2/install/sensebeetle_interfaces' for CMake module files
[6.233s] Level 1:colcon.colcon_core.environment:checking '/home/sunrise/sensebeetle2/install/sensebeetle_interfaces' for CMake config files
[6.235s] Level 1:colcon.colcon_core.shell:create_environment_hook('sensebeetle_interfaces', 'cmake_prefix_path')
[6.237s] INFO:colcon.colcon_core.shell:Creating environment hook '/home/sunrise/sensebeetle2/install/sensebeetle_interfaces/share/sensebeetle_interfaces/hook/cmake_prefix_path.ps1'
[6.241s] INFO:colcon.colcon_core.shell:Creating environment descriptor '/home/sunrise/sensebeetle2/install/sensebeetle_interfaces/share/sensebeetle_interfaces/hook/cmake_prefix_path.dsv'
[6.244s] INFO:colcon.colcon_core.shell:Creating environment hook '/home/sunrise/sensebeetle2/install/sensebeetle_interfaces/share/sensebeetle_interfaces/hook/cmake_prefix_path.sh'
[6.249s] Level 1:colcon.colcon_core.environment:checking '/home/sunrise/sensebeetle2/install/sensebeetle_interfaces/lib'
[6.250s] Level 1:colcon.colcon_core.shell:create_environment_hook('sensebeetle_interfaces', 'ld_library_path_lib')
[6.252s] INFO:colcon.colcon_core.shell:Creating environment hook '/home/sunrise/sensebeetle2/install/sensebeetle_interfaces/share/sensebeetle_interfaces/hook/ld_library_path_lib.ps1'
[6.255s] INFO:colcon.colcon_core.shell:Creating environment descriptor '/home/sunrise/sensebeetle2/install/sensebeetle_interfaces/share/sensebeetle_interfaces/hook/ld_library_path_lib.dsv'
[6.258s] INFO:colcon.colcon_core.shell:Creating environment hook '/home/sunrise/sensebeetle2/install/sensebeetle_interfaces/share/sensebeetle_interfaces/hook/ld_library_path_lib.sh'
[6.260s] Level 1:colcon.colcon_core.environment:checking '/home/sunrise/sensebeetle2/install/sensebeetle_interfaces/bin'
[6.261s] Level 1:colcon.colcon_core.environment:checking '/home/sunrise/sensebeetle2/install/sensebeetle_interfaces/lib/pkgconfig/sensebeetle_interfaces.pc'
[6.262s] Level 1:colcon.colcon_core.environment:checking '/home/sunrise/sensebeetle2/install/sensebeetle_interfaces/lib/python3.10/site-packages'
[6.264s] Level 1:colcon.colcon_core.environment:checking '/home/sunrise/sensebeetle2/install/sensebeetle_interfaces/bin'
[6.266s] INFO:colcon.colcon_core.shell:Creating package script '/home/sunrise/sensebeetle2/install/sensebeetle_interfaces/share/sensebeetle_interfaces/package.ps1'
[6.272s] INFO:colcon.colcon_core.shell:Creating package descriptor '/home/sunrise/sensebeetle2/install/sensebeetle_interfaces/share/sensebeetle_interfaces/package.dsv'
[6.276s] INFO:colcon.colcon_core.shell:Creating package script '/home/sunrise/sensebeetle2/install/sensebeetle_interfaces/share/sensebeetle_interfaces/package.sh'
[6.281s] INFO:colcon.colcon_core.shell:Creating package script '/home/sunrise/sensebeetle2/install/sensebeetle_interfaces/share/sensebeetle_interfaces/package.bash'
[6.287s] INFO:colcon.colcon_core.shell:Creating package script '/home/sunrise/sensebeetle2/install/sensebeetle_interfaces/share/sensebeetle_interfaces/package.zsh'
[6.292s] Level 1:colcon.colcon_core.environment:create_file_with_runtime_dependencies(/home/sunrise/sensebeetle2/install/sensebeetle_interfaces/share/colcon-core/packages/sensebeetle_interfaces)
[6.296s] Level 1:colcon.colcon_core.environment:create_environment_scripts_only(sensebeetle_interfaces)
[6.298s] Level 1:colcon.colcon_core.environment:checking '/home/sunrise/sensebeetle2/install/sensebeetle_interfaces' for CMake module files
[6.302s] Level 1:colcon.colcon_core.environment:checking '/home/sunrise/sensebeetle2/install/sensebeetle_interfaces' for CMake config files
[6.304s] Level 1:colcon.colcon_core.shell:create_environment_hook('sensebeetle_interfaces', 'cmake_prefix_path')
[6.306s] INFO:colcon.colcon_core.shell:Creating environment hook '/home/sunrise/sensebeetle2/install/sensebeetle_interfaces/share/sensebeetle_interfaces/hook/cmake_prefix_path.ps1'
[6.902s] INFO:colcon.colcon_core.shell:Creating environment descriptor '/home/sunrise/sensebeetle2/install/sensebeetle_interfaces/share/sensebeetle_interfaces/hook/cmake_prefix_path.dsv'
[6.905s] INFO:colcon.colcon_core.shell:Creating environment hook '/home/sunrise/sensebeetle2/install/sensebeetle_interfaces/share/sensebeetle_interfaces/hook/cmake_prefix_path.sh'
[6.908s] Level 1:colcon.colcon_core.environment:checking '/home/sunrise/sensebeetle2/install/sensebeetle_interfaces/lib'
[6.909s] Level 1:colcon.colcon_core.shell:create_environment_hook('sensebeetle_interfaces', 'ld_library_path_lib')
[6.911s] INFO:colcon.colcon_core.shell:Creating environment hook '/home/sunrise/sensebeetle2/install/sensebeetle_interfaces/share/sensebeetle_interfaces/hook/ld_library_path_lib.ps1'
[6.913s] INFO:colcon.colcon_core.shell:Creating environment descriptor '/home/sunrise/sensebeetle2/install/sensebeetle_interfaces/share/sensebeetle_interfaces/hook/ld_library_path_lib.dsv'
[6.916s] INFO:colcon.colcon_core.shell:Creating environment hook '/home/sunrise/sensebeetle2/install/sensebeetle_interfaces/share/sensebeetle_interfaces/hook/ld_library_path_lib.sh'
[6.919s] Level 1:colcon.colcon_core.environment:checking '/home/sunrise/sensebeetle2/install/sensebeetle_interfaces/bin'
[6.919s] Level 1:colcon.colcon_core.environment:checking '/home/sunrise/sensebeetle2/install/sensebeetle_interfaces/lib/pkgconfig/sensebeetle_interfaces.pc'
[6.921s] Level 1:colcon.colcon_core.environment:checking '/home/sunrise/sensebeetle2/install/sensebeetle_interfaces/lib/python3.10/site-packages'
[6.922s] Level 1:colcon.colcon_core.environment:checking '/home/sunrise/sensebeetle2/install/sensebeetle_interfaces/bin'
[6.924s] INFO:colcon.colcon_core.shell:Creating package script '/home/sunrise/sensebeetle2/install/sensebeetle_interfaces/share/sensebeetle_interfaces/package.ps1'
[6.928s] INFO:colcon.colcon_core.shell:Creating package descriptor '/home/sunrise/sensebeetle2/install/sensebeetle_interfaces/share/sensebeetle_interfaces/package.dsv'
[6.932s] INFO:colcon.colcon_core.shell:Creating package script '/home/sunrise/sensebeetle2/install/sensebeetle_interfaces/share/sensebeetle_interfaces/package.sh'
[6.936s] INFO:colcon.colcon_core.shell:Creating package script '/home/sunrise/sensebeetle2/install/sensebeetle_interfaces/share/sensebeetle_interfaces/package.bash'
[6.939s] INFO:colcon.colcon_core.shell:Creating package script '/home/sunrise/sensebeetle2/install/sensebeetle_interfaces/share/sensebeetle_interfaces/package.zsh'
[6.942s] Level 1:colcon.colcon_core.environment:create_file_with_runtime_dependencies(/home/sunrise/sensebeetle2/install/sensebeetle_interfaces/share/colcon-core/packages/sensebeetle_interfaces)
[6.944s] INFO:colcon.colcon_ros.task.ament_cmake.build:Building ROS package in '/home/sunrise/sensebeetle2/src/rm_serial_driver' with build type 'ament_cmake'
[6.945s] INFO:colcon.colcon_cmake.task.cmake.build:Building CMake package in '/home/sunrise/sensebeetle2/src/rm_serial_driver'
[6.946s] INFO:colcon.colcon_core.shell:Skip shell extension 'powershell' for command environment: Not usable outside of PowerShell
[6.947s] DEBUG:colcon.colcon_core.shell:Skip shell extension 'dsv' for command environment
[6.994s] DEBUG:colcon.colcon_core.event_handler.log_command:Invoking command in '/home/sunrise/sensebeetle2/build/rm_serial_driver': AMENT_PREFIX_PATH=/home/sunrise/sensebeetle2/install/sensebeetle_interfaces:${AMENT_PREFIX_PATH} CMAKE_PREFIX_PATH=/home/sunrise/sensebeetle2/install/sensebeetle_interfaces:/opt/ros/humble LD_LIBRARY_PATH=/home/sunrise/sensebeetle2/install/sensebeetle_interfaces/lib:/opt/MVS/lib/aarch64:/opt/MVS/lib/aarch64:y/MVS/lib/aarch64:/opt/MVS/lib/aarch64:/opt/ros/humble/opt/rviz_ogre_vendor/lib:/opt/ros/humble/lib/aarch64-linux-gnu:/opt/ros/humble/opt/openvdb_vendor/lib:/opt/ros/humble/lib:/opt/MVS/lib/aarch64:y/MVS/lib/aarch64:/usr/hobot/lib:/app/lib:/app/pub/lib:/middleware/lib:/middleware/pub/lib:/usr/hobot/lib/sensor:/system/lib:/system/usr/lib:/lib PYTHONPATH=/home/sunrise/sensebeetle2/install/sensebeetle_interfaces/local/lib/python3.10/dist-packages:${PYTHONPATH} /home/sunrise/.local/bin/cmake --build /home/sunrise/sensebeetle2/build/rm_serial_driver -- -j8 -l8
[48.973s] DEBUG:colcon.colcon_core.event_handler.log_command:Invoked command in '/home/sunrise/sensebeetle2/build/rm_serial_driver' returned '2': AMENT_PREFIX_PATH=/home/sunrise/sensebeetle2/install/sensebeetle_interfaces:${AMENT_PREFIX_PATH} CMAKE_PREFIX_PATH=/home/sunrise/sensebeetle2/install/sensebeetle_interfaces:/opt/ros/humble LD_LIBRARY_PATH=/home/sunrise/sensebeetle2/install/sensebeetle_interfaces/lib:/opt/MVS/lib/aarch64:/opt/MVS/lib/aarch64:y/MVS/lib/aarch64:/opt/MVS/lib/aarch64:/opt/ros/humble/opt/rviz_ogre_vendor/lib:/opt/ros/humble/lib/aarch64-linux-gnu:/opt/ros/humble/opt/openvdb_vendor/lib:/opt/ros/humble/lib:/opt/MVS/lib/aarch64:y/MVS/lib/aarch64:/usr/hobot/lib:/app/lib:/app/pub/lib:/middleware/lib:/middleware/pub/lib:/usr/hobot/lib/sensor:/system/lib:/system/usr/lib:/lib PYTHONPATH=/home/sunrise/sensebeetle2/install/sensebeetle_interfaces/local/lib/python3.10/dist-packages:${PYTHONPATH} /home/sunrise/.local/bin/cmake --build /home/sunrise/sensebeetle2/build/rm_serial_driver -- -j8 -l8
[48.976s] Level 1:colcon.colcon_core.environment:create_environment_scripts_only(rm_serial_driver)
[48.978s] Level 1:colcon.colcon_core.environment:checking '/home/sunrise/sensebeetle2/install/rm_serial_driver' for CMake module files
[48.991s] Level 1:colcon.colcon_core.environment:checking '/home/sunrise/sensebeetle2/install/rm_serial_driver' for CMake config files
[48.995s] Level 1:colcon.colcon_core.shell:create_environment_hook('rm_serial_driver', 'cmake_prefix_path')
[49.001s] INFO:colcon.colcon_core.shell:Creating environment hook '/home/sunrise/sensebeetle2/install/rm_serial_driver/share/rm_serial_driver/hook/cmake_prefix_path.ps1'
[49.005s] INFO:colcon.colcon_core.shell:Creating environment descriptor '/home/sunrise/sensebeetle2/install/rm_serial_driver/share/rm_serial_driver/hook/cmake_prefix_path.dsv'
[49.009s] INFO:colcon.colcon_core.shell:Creating environment hook '/home/sunrise/sensebeetle2/install/rm_serial_driver/share/rm_serial_driver/hook/cmake_prefix_path.sh'
[49.014s] Level 1:colcon.colcon_core.environment:checking '/home/sunrise/sensebeetle2/install/rm_serial_driver/lib'
[49.015s] Level 1:colcon.colcon_core.shell:create_environment_hook('rm_serial_driver', 'ld_library_path_lib')
[49.018s] INFO:colcon.colcon_core.shell:Creating environment hook '/home/sunrise/sensebeetle2/install/rm_serial_driver/share/rm_serial_driver/hook/ld_library_path_lib.ps1'
[49.022s] INFO:colcon.colcon_core.shell:Creating environment descriptor '/home/sunrise/sensebeetle2/install/rm_serial_driver/share/rm_serial_driver/hook/ld_library_path_lib.dsv'
[49.026s] INFO:colcon.colcon_core.shell:Creating environment hook '/home/sunrise/sensebeetle2/install/rm_serial_driver/share/rm_serial_driver/hook/ld_library_path_lib.sh'
[49.028s] Level 1:colcon.colcon_core.environment:checking '/home/sunrise/sensebeetle2/install/rm_serial_driver/bin'
[49.029s] Level 1:colcon.colcon_core.environment:checking '/home/sunrise/sensebeetle2/install/rm_serial_driver/lib/pkgconfig/rm_serial_driver.pc'
[49.031s] Level 1:colcon.colcon_core.environment:checking '/home/sunrise/sensebeetle2/install/rm_serial_driver/lib/python3.10/site-packages'
[49.032s] Level 1:colcon.colcon_core.environment:checking '/home/sunrise/sensebeetle2/install/rm_serial_driver/bin'
[49.035s] INFO:colcon.colcon_core.shell:Creating package script '/home/sunrise/sensebeetle2/install/rm_serial_driver/share/rm_serial_driver/package.ps1'
[49.042s] INFO:colcon.colcon_core.shell:Creating package descriptor '/home/sunrise/sensebeetle2/install/rm_serial_driver/share/rm_serial_driver/package.dsv'
[49.049s] INFO:colcon.colcon_core.shell:Creating package script '/home/sunrise/sensebeetle2/install/rm_serial_driver/share/rm_serial_driver/package.sh'
[49.054s] INFO:colcon.colcon_core.shell:Creating package script '/home/sunrise/sensebeetle2/install/rm_serial_driver/share/rm_serial_driver/package.bash'
[49.059s] INFO:colcon.colcon_core.shell:Creating package script '/home/sunrise/sensebeetle2/install/rm_serial_driver/share/rm_serial_driver/package.zsh'
[49.062s] Level 1:colcon.colcon_core.environment:create_file_with_runtime_dependencies(/home/sunrise/sensebeetle2/install/rm_serial_driver/share/colcon-core/packages/rm_serial_driver)
[49.074s] DEBUG:colcon.colcon_parallel_executor.executor.parallel:closing loop
[49.075s] DEBUG:colcon.colcon_parallel_executor.executor.parallel:loop closed
[49.076s] DEBUG:colcon.colcon_parallel_executor.executor.parallel:run_until_complete finished with '2'
[49.076s] DEBUG:colcon.colcon_core.event_reactor:joining thread
[49.115s] INFO:colcon.colcon_core.plugin_system:Skipping extension 'colcon_notification.desktop_notification.notify_send': Could not find 'notify-send'
[49.116s] INFO:colcon.colcon_core.plugin_system:Skipping extension 'colcon_notification.desktop_notification.terminal_notifier': Not used on non-Darwin systems
[49.116s] INFO:colcon.colcon_core.plugin_system:Skipping extension 'colcon_notification.desktop_notification.win32': Not used on non-Windows systems
[49.117s] INFO:colcon.colcon_notification.desktop_notification:Sending desktop notification using 'notify2'
[49.124s] DEBUG:colcon.colcon_core.event_reactor:joined thread
[49.126s] INFO:colcon.colcon_core.shell:Creating prefix script '/home/sunrise/sensebeetle2/install/local_setup.ps1'
[49.133s] INFO:colcon.colcon_core.shell:Creating prefix util module '/home/sunrise/sensebeetle2/install/_local_setup_util_ps1.py'
[49.152s] INFO:colcon.colcon_core.shell:Creating prefix chain script '/home/sunrise/sensebeetle2/install/setup.ps1'
[49.159s] INFO:colcon.colcon_core.shell:Creating prefix script '/home/sunrise/sensebeetle2/install/local_setup.sh'
[49.163s] INFO:colcon.colcon_core.shell:Creating prefix util module '/home/sunrise/sensebeetle2/install/_local_setup_util_sh.py'
[49.167s] INFO:colcon.colcon_core.shell:Creating prefix chain script '/home/sunrise/sensebeetle2/install/setup.sh'
[49.174s] INFO:colcon.colcon_core.shell:Creating prefix script '/home/sunrise/sensebeetle2/install/local_setup.bash'
[49.177s] INFO:colcon.colcon_core.shell:Creating prefix chain script '/home/sunrise/sensebeetle2/install/setup.bash'
[49.182s] INFO:colcon.colcon_core.shell:Creating prefix script '/home/sunrise/sensebeetle2/install/local_setup.zsh'
[49.185s] INFO:colcon.colcon_core.shell:Creating prefix chain script '/home/sunrise/sensebeetle2/install/setup.zsh'
