[0.073s] Invoking command in '/home/sunrise/sensebeetle2/build/rm_serial_driver': CMAKE_PREFIX_PATH=/home/sunrise/sensebeetle2/install/sensebeetle_interfaces:/home/sunrise/sensebeetle2/install/rm_serial_driver:/opt/ros/humble LD_LIBRARY_PATH=/home/sunrise/sensebeetle2/install/sensebeetle_interfaces/lib:/home/sunrise/sensebeetle2/install/rm_serial_driver/lib:/opt/MVS/lib/aarch64:/opt/MVS/lib/aarch64:y/MVS/lib/aarch64:/opt/MVS/lib/aarch64:/opt/ros/humble/opt/rviz_ogre_vendor/lib:/opt/ros/humble/lib/aarch64-linux-gnu:/opt/ros/humble/opt/openvdb_vendor/lib:/opt/ros/humble/lib:/opt/MVS/lib/aarch64:y/MVS/lib/aarch64:/usr/hobot/lib:/app/lib:/app/pub/lib:/middleware/lib:/middleware/pub/lib:/usr/hobot/lib/sensor:/system/lib:/system/usr/lib:/lib /home/sunrise/.local/bin/cmake --build /home/sunrise/sensebeetle2/build/rm_serial_driver -- -j8 -l8
[0.375s] [35m[1mConsolidate compiler generated dependencies of target rm_serial_driver[0m
[0.395s] [ 50%] Built target rm_serial_driver_node
[0.508s] [ 75%] [32mBuilding CXX object CMakeFiles/rm_serial_driver.dir/src/rm_serial_driver.cpp.o[0m
[78.160s] [100%] [32m[1mLinking CXX shared library librm_serial_driver.so[0m
[85.145s] [100%] Built target rm_serial_driver
[85.205s] Invoked command in '/home/sunrise/sensebeetle2/build/rm_serial_driver' returned '0': CMAKE_PREFIX_PATH=/home/sunrise/sensebeetle2/install/sensebeetle_interfaces:/home/sunrise/sensebeetle2/install/rm_serial_driver:/opt/ros/humble LD_LIBRARY_PATH=/home/sunrise/sensebeetle2/install/sensebeetle_interfaces/lib:/home/sunrise/sensebeetle2/install/rm_serial_driver/lib:/opt/MVS/lib/aarch64:/opt/MVS/lib/aarch64:y/MVS/lib/aarch64:/opt/MVS/lib/aarch64:/opt/ros/humble/opt/rviz_ogre_vendor/lib:/opt/ros/humble/lib/aarch64-linux-gnu:/opt/ros/humble/opt/openvdb_vendor/lib:/opt/ros/humble/lib:/opt/MVS/lib/aarch64:y/MVS/lib/aarch64:/usr/hobot/lib:/app/lib:/app/pub/lib:/middleware/lib:/middleware/pub/lib:/usr/hobot/lib/sensor:/system/lib:/system/usr/lib:/lib /home/sunrise/.local/bin/cmake --build /home/sunrise/sensebeetle2/build/rm_serial_driver -- -j8 -l8
[85.426s] Invoking command in '/home/sunrise/sensebeetle2/build/rm_serial_driver': CMAKE_PREFIX_PATH=/home/sunrise/sensebeetle2/install/sensebeetle_interfaces:/home/sunrise/sensebeetle2/install/rm_serial_driver:/opt/ros/humble LD_LIBRARY_PATH=/home/sunrise/sensebeetle2/install/sensebeetle_interfaces/lib:/home/sunrise/sensebeetle2/install/rm_serial_driver/lib:/opt/MVS/lib/aarch64:/opt/MVS/lib/aarch64:y/MVS/lib/aarch64:/opt/MVS/lib/aarch64:/opt/ros/humble/opt/rviz_ogre_vendor/lib:/opt/ros/humble/lib/aarch64-linux-gnu:/opt/ros/humble/opt/openvdb_vendor/lib:/opt/ros/humble/lib:/opt/MVS/lib/aarch64:y/MVS/lib/aarch64:/usr/hobot/lib:/app/lib:/app/pub/lib:/middleware/lib:/middleware/pub/lib:/usr/hobot/lib/sensor:/system/lib:/system/usr/lib:/lib /home/sunrise/.local/bin/cmake --install /home/sunrise/sensebeetle2/build/rm_serial_driver
[85.597s] -- Install configuration: ""
[85.597s] -- Up-to-date: /home/sunrise/sensebeetle2/install/rm_serial_driver/lib/rm_serial_driver/rm_serial_driver_node
[85.599s] -- Up-to-date: /home/sunrise/sensebeetle2/install/rm_serial_driver/include
[85.599s] -- Up-to-date: /home/sunrise/sensebeetle2/install/rm_serial_driver/include/rm_serial_driver
[85.600s] -- Up-to-date: /home/sunrise/sensebeetle2/install/rm_serial_driver/include/rm_serial_driver/rm_serial_driver.hpp
[85.600s] -- Up-to-date: /home/sunrise/sensebeetle2/install/rm_serial_driver/include/rm_serial_driver/packet.hpp
[85.601s] -- Up-to-date: /home/sunrise/sensebeetle2/install/rm_serial_driver/share/rm_serial_driver/environment/library_path.sh
[85.602s] -- Up-to-date: /home/sunrise/sensebeetle2/install/rm_serial_driver/share/rm_serial_driver/environment/library_path.dsv
[85.602s] -- Installing: /home/sunrise/sensebeetle2/install/rm_serial_driver/lib/librm_serial_driver.so
[85.674s] -- Set runtime path of "/home/sunrise/sensebeetle2/install/rm_serial_driver/lib/librm_serial_driver.so" to ""
[85.674s] -- Up-to-date: /home/sunrise/sensebeetle2/install/rm_serial_driver/share/rm_serial_driver/config
[85.675s] -- Up-to-date: /home/sunrise/sensebeetle2/install/rm_serial_driver/share/rm_serial_driver/config/serial_driver.yaml
[85.676s] -- Up-to-date: /home/sunrise/sensebeetle2/install/rm_serial_driver/share/rm_serial_driver/launch
[85.677s] -- Up-to-date: /home/sunrise/sensebeetle2/install/rm_serial_driver/share/rm_serial_driver/launch/serial_driver.launch.py
[85.677s] -- Up-to-date: /home/sunrise/sensebeetle2/install/rm_serial_driver/share/ament_index/resource_index/package_run_dependencies/rm_serial_driver
[85.678s] -- Up-to-date: /home/sunrise/sensebeetle2/install/rm_serial_driver/share/ament_index/resource_index/parent_prefix_path/rm_serial_driver
[85.679s] -- Up-to-date: /home/sunrise/sensebeetle2/install/rm_serial_driver/share/rm_serial_driver/environment/ament_prefix_path.sh
[85.679s] -- Up-to-date: /home/sunrise/sensebeetle2/install/rm_serial_driver/share/rm_serial_driver/environment/ament_prefix_path.dsv
[85.680s] -- Up-to-date: /home/sunrise/sensebeetle2/install/rm_serial_driver/share/rm_serial_driver/environment/path.sh
[85.680s] -- Up-to-date: /home/sunrise/sensebeetle2/install/rm_serial_driver/share/rm_serial_driver/environment/path.dsv
[85.681s] -- Up-to-date: /home/sunrise/sensebeetle2/install/rm_serial_driver/share/rm_serial_driver/local_setup.bash
[85.681s] -- Up-to-date: /home/sunrise/sensebeetle2/install/rm_serial_driver/share/rm_serial_driver/local_setup.sh
[85.682s] -- Up-to-date: /home/sunrise/sensebeetle2/install/rm_serial_driver/share/rm_serial_driver/local_setup.zsh
[85.682s] -- Up-to-date: /home/sunrise/sensebeetle2/install/rm_serial_driver/share/rm_serial_driver/local_setup.dsv
[85.683s] -- Installing: /home/sunrise/sensebeetle2/install/rm_serial_driver/share/rm_serial_driver/package.dsv
[85.683s] -- Up-to-date: /home/sunrise/sensebeetle2/install/rm_serial_driver/share/ament_index/resource_index/packages/rm_serial_driver
[85.683s] -- Up-to-date: /home/sunrise/sensebeetle2/install/rm_serial_driver/share/ament_index/resource_index/rclcpp_components/rm_serial_driver
[85.684s] -- Up-to-date: /home/sunrise/sensebeetle2/install/rm_serial_driver/share/rm_serial_driver/cmake/ament_cmake_export_dependencies-extras.cmake
[85.684s] -- Up-to-date: /home/sunrise/sensebeetle2/install/rm_serial_driver/share/rm_serial_driver/cmake/ament_cmake_export_include_directories-extras.cmake
[85.685s] -- Up-to-date: /home/sunrise/sensebeetle2/install/rm_serial_driver/share/rm_serial_driver/cmake/ament_cmake_export_libraries-extras.cmake
[85.685s] -- Up-to-date: /home/sunrise/sensebeetle2/install/rm_serial_driver/share/rm_serial_driver/cmake/rm_serial_driverConfig.cmake
[85.686s] -- Up-to-date: /home/sunrise/sensebeetle2/install/rm_serial_driver/share/rm_serial_driver/cmake/rm_serial_driverConfig-version.cmake
[85.686s] -- Up-to-date: /home/sunrise/sensebeetle2/install/rm_serial_driver/share/rm_serial_driver/package.xml
[85.722s] Invoked command in '/home/sunrise/sensebeetle2/build/rm_serial_driver' returned '0': CMAKE_PREFIX_PATH=/home/sunrise/sensebeetle2/install/sensebeetle_interfaces:/home/sunrise/sensebeetle2/install/rm_serial_driver:/opt/ros/humble LD_LIBRARY_PATH=/home/sunrise/sensebeetle2/install/sensebeetle_interfaces/lib:/home/sunrise/sensebeetle2/install/rm_serial_driver/lib:/opt/MVS/lib/aarch64:/opt/MVS/lib/aarch64:y/MVS/lib/aarch64:/opt/MVS/lib/aarch64:/opt/ros/humble/opt/rviz_ogre_vendor/lib:/opt/ros/humble/lib/aarch64-linux-gnu:/opt/ros/humble/opt/openvdb_vendor/lib:/opt/ros/humble/lib:/opt/MVS/lib/aarch64:y/MVS/lib/aarch64:/usr/hobot/lib:/app/lib:/app/pub/lib:/middleware/lib:/middleware/pub/lib:/usr/hobot/lib/sensor:/system/lib:/system/usr/lib:/lib /home/sunrise/.local/bin/cmake --install /home/sunrise/sensebeetle2/build/rm_serial_driver
